<?xml version="1.0" encoding="UTF-8"?>
<!-- Generated by org.testng.reporters.JUnitReportReporter -->
<testsuite hostname="DDC5-L-F1C4DW8" failures="0" tests="2" name="TestClass" time="0.021" errors="0" timestamp="2020-07-06T22:44:43 IST" skipped="0">
  <testcase classname="TestClass" name="test2" time="0.002"/>
  <testcase classname="TestClass" name="test1" time="0.019"/>
</testsuite> <!-- TestClass -->
